{"numTotalTestSuites":12,"numPassedTestSuites":12,"numFailedTestSuites":0,"numPendingTestSuites":0,"numTotalTests":9,"numPassedTests":9,"numFailedTests":0,"numPendingTests":0,"numTodoTests":0,"snapshot":{"added":0,"failure":false,"filesAdded":0,"filesRemoved":0,"filesRemovedList":[],"filesUnmatched":0,"filesUpdated":0,"matched":0,"total":0,"unchecked":0,"uncheckedKeysByFile":[],"unmatched":0,"updated":0,"didUpdate":false},"startTime":1783269201053,"success":true,"testResults":[{"assertionResults":[{"ancestorTitles":["App"],"fullName":"App should have a title","status":"passed","title":"should have a title","duration":10.599999994039536,"failureMessages":[],"meta":{},"tags":[]},{"ancestorTitles":["App"],"fullName":"App should display the menu component","status":"passed","title":"should display the menu component","duration":8.299999997019768,"failureMessages":[],"meta":{},"tags":[]},{"ancestorTitles":["App"],"fullName":"App should display the races component","status":"passed","title":"should display the races component","duration":8.700000002980232,"failureMessages":[],"meta":{},"tags":[]}],"startTime":1783269202180,"endTime":1783269202207.7,"status":"passed","message":"","name":"/Users/johnhageman/code/angular/ponyracer/src/app/app.spec.ts"},{"assertionResults":[{"ancestorTitles":["FromNowPipe"],"fullName":"FromNowPipe should transform the input","status":"passed","title":"should transform the input","duration":1.800000011920929,"failureMessages":[],"meta":{},"tags":[]}],"startTime":1783269202182,"endTime":1783269202183.8,"status":"passed","message":"","name":"/Users/johnhageman/code/angular/ponyracer/src/app/from-now-pipe.spec.ts"},{"assertionResults":[{"ancestorTitles":["Menu"],"fullName":"Menu should toggle the class on click","status":"passed","title":"should toggle the class on click","duration":180.5,"failureMessages":[],"meta":{},"tags":[]}],"startTime":1783269202177,"endTime":1783269202357.5,"status":"passed","message":"","name":"/Users/johnhageman/code/angular/ponyracer/src/app/menu/menu.spec.ts"},{"assertionResults":[{"ancestorTitles":["Pony"],"fullName":"Pony should display an image and a legend","status":"passed","title":"should display an image and a legend","duration":17.30000001192093,"failureMessages":[],"meta":{},"tags":[]},{"ancestorTitles":["Pony"],"fullName":"Pony should emit an event on click","status":"passed","title":"should emit an event on click","duration":124,"failureMessages":[],"meta":{},"tags":[]}],"startTime":1783269202178,"endTime":1783269202320,"status":"passed","message":"","name":"/Users/johnhageman/code/angular/ponyracer/src/app/pony/pony.spec.ts"},{"assertionResults":[{"ancestorTitles":["Race"],"fullName":"Race should display a race name and its ponies","status":"passed","title":"should display a race name and its ponies","duration":16.400000005960464,"failureMessages":[],"meta":{},"tags":[]}],"startTime":1783269202180,"endTime":1783269202196.4,"status":"passed","message":"","name":"/Users/johnhageman/code/angular/ponyracer/src/app/race/race.spec.ts"},{"assertionResults":[{"ancestorTitles":["Races"],"fullName":"Races should display every race","status":"passed","title":"should display every race","duration":15.600000008940697,"failureMessages":[],"meta":{},"tags":[]}],"startTime":1783269202182,"endTime":1783269202197.6,"status":"passed","message":"","name":"/Users/johnhageman/code/angular/ponyracer/src/app/races/races.spec.ts"}],"coverageMap":{"/Users/johnhageman/code/angular/ponyracer/src/app/menu/menu.ts":{"path":"/Users/johnhageman/code/angular/ponyracer/src/app/menu/menu.ts","statementMap":{"0":{"start":{"line":9,"column":6},"end":{"line":7,"column":82}},"1":{"start":{"line":10,"column":39},"end":{"line":10,"column":null}},"2":{"start":{"line":9,"column":13},"end":{"line":7,"column":82}},"3":{"start":{"line":13,"column":4},"end":{"line":13,"column":null}},"4":{"start":{"line":13,"column":41},"end":{"line":13,"column":47}},"5":{"start":{"line":9,"column":13},"end":{"line":9,"column":null}},"6":{"start":{"line":9,"column":17},"end":{"line":14,"column":null}},"7":{"start":{"line":9,"column":13},"end":{"line":5,"column":null}}},"fnMap":{"0":{"name":"toggleNavbar","decl":{"start":{"line":12,"column":12},"end":{"line":12,"column":24}},"loc":{"start":{"line":12,"column":24},"end":{"line":14,"column":null}},"line":12},"1":{"name":"(anonymous_1)","decl":{"start":{"line":13,"column":32},"end":{"line":13,"column":41}},"loc":{"start":{"line":13,"column":41},"end":{"line":13,"column":47}},"line":13},"2":{"name":"template","decl":{"start":{"line":9,"column":17},"end":{"line":9,"column":null}},"loc":{"start":{"line":9,"column":17},"end":{"line":7,"column":82}},"line":9}},"branchMap":{"0":{"loc":{"start":{"line":9,"column":13},"end":{"line":9,"column":17}},"type":"binary-expr","locations":[{"start":{"line":9,"column":13},"end":{"line":9,"column":17}},{"start":{"line":9,"column":13},"end":{"line":9,"column":17}}],"line":9},"1":{"loc":{"start":{"line":9,"column":17},"end":{"line":14,"column":null}},"type":"if","locations":[{"start":{"line":9,"column":17},"end":{"line":14,"column":null}},{"start":{},"end":{}}],"line":9},"2":{"loc":{"start":{"line":9,"column":13},"end":{"line":5,"column":null}},"type":"binary-expr","locations":[{"start":{"line":9,"column":13},"end":{"line":9,"column":17}},{"start":{"line":9,"column":13},"end":{"line":9,"column":17}},{"start":{"line":9,"column":13},"end":{"line":5,"column":null}}],"line":9},"3":{"loc":{"start":{"line":9,"column":13},"end":{"line":9,"column":null}},"type":"binary-expr","locations":[{"start":{"line":9,"column":13},"end":{"line":9,"column":17}},{"start":{"line":9,"column":13},"end":{"line":9,"column":17}},{"start":{"line":9,"column":13},"end":{"line":9,"column":null}}],"line":9}},"s":{"0":2,"1":4,"2":2,"3":2,"4":2,"5":2,"6":8,"7":2},"f":{"0":2,"1":2,"2":2},"b":{"0":[4,4],"1":[4,4],"2":[2,2,2],"3":[2,2,2]},"meta":{"lastBranch":4,"lastFunction":3,"lastStatement":8,"seen":{"s:9:6:7:82":0,"s:10:39:10:Infinity":1,"s:9:13:7:82":2,"f:12:12:12:24":0,"s:13:4:13:Infinity":3,"f:13:32:13:41":1,"s:13:41:13:47":4,"s:9:13:9:Infinity":5,"b:9:13:9:17:9:13:9:17":0,"f:9:17:9:Infinity":2,"b:9:17:14:Infinity:undefined:undefined:undefined:undefined":1,"s:9:17:14:Infinity":6,"s:9:13:5:Infinity":7,"b:9:13:9:17:9:13:9:17:9:13:5:Infinity":2,"b:9:13:9:17:9:13:9:17:9:13:9:Infinity":3},"fnNames":{}}},"/Users/johnhageman/code/angular/ponyracer/src/app/menu/menu.html":{"path":"/Users/johnhageman/code/angular/ponyracer/src/app/menu/menu.html","statementMap":{"0":{"start":{"line":1,"column":0},"end":{"line":2,"column":null}},"1":{"start":{"line":3,"column":28},"end":{"line":3,"column":37}},"2":{"start":{"line":3,"column":37},"end":{"line":3,"column":null}},"3":{"start":{"line":4,"column":4},"end":{"line":4,"column":49}},"4":{"start":{"line":4,"column":49},"end":{"line":4,"column":null}},"5":{"start":{"line":4,"column":49},"end":{"line":4,"column":72}},"6":{"start":{"line":5,"column":6},"end":{"line":5,"column":null}},"7":{"start":{"line":6,"column":4},"end":{"line":6,"column":null}},"8":{"start":{"line":7,"column":4},"end":{"line":9,"column":null}},"9":{"start":{"line":10,"column":30},"end":{"line":10,"column":35}},"10":{"start":{"line":10,"column":35},"end":{"line":14,"column":null}},"11":{"start":{"line":7,"column":45},"end":{"line":7,"column":82}}},"fnMap":{"0":{"name":"Menu_Template_button_click_4_listener","decl":{"start":{"line":4,"column":49},"end":{"line":4,"column":58}},"loc":{"start":{"line":4,"column":49},"end":{"line":4,"column":null}},"line":4}},"branchMap":{},"s":{"0":4,"1":4,"2":4,"3":4,"4":4,"5":2,"6":4,"7":4,"8":4,"9":4,"10":4,"11":4},"f":{"0":2},"b":{},"meta":{"lastBranch":0,"lastFunction":1,"lastStatement":12,"seen":{"s:1:0:2:Infinity":0,"s:3:28:3:37":1,"s:3:37:3:Infinity":2,"s:4:4:4:49":3,"s:4:49:4:Infinity":4,"f:4:49:4:58":0,"s:4:49:4:72":5,"s:5:6:5:Infinity":6,"s:6:4:6:Infinity":7,"s:7:4:9:Infinity":8,"s:10:30:10:35":9,"s:10:35:14:Infinity":10,"s:7:45:7:82":11},"fnNames":{}}},"/Users/johnhageman/code/angular/ponyracer/src/app/race/race.ts":{"path":"/Users/johnhageman/code/angular/ponyracer/src/app/race/race.ts","statementMap":{"0":{"start":{"line":15,"column":6},"end":{"line":11,"column":40}},"1":{"start":{"line":16,"column":23},"end":{"line":16,"column":null}},"2":{"start":{"line":15,"column":13},"end":{"line":11,"column":40}},"3":{"start":{"line":19,"column":4},"end":{"line":19,"column":null}},"4":{"start":{"line":15,"column":13},"end":{"line":15,"column":null}},"5":{"start":{"line":15,"column":17},"end":{"line":7,"column":null}},"6":{"start":{"line":15,"column":13},"end":{"line":11,"column":null}}},"fnMap":{"0":{"name":"betOnPony","decl":{"start":{"line":18,"column":12},"end":{"line":18,"column":22}},"loc":{"start":{"line":18,"column":42},"end":{"line":20,"column":null}},"line":18},"1":{"name":"template","decl":{"start":{"line":15,"column":17},"end":{"line":15,"column":null}},"loc":{"start":{"line":15,"column":17},"end":{"line":11,"column":18}},"line":15}},"branchMap":{"0":{"loc":{"start":{"line":15,"column":13},"end":{"line":15,"column":17}},"type":"binary-expr","locations":[{"start":{"line":15,"column":13},"end":{"line":15,"column":17}},{"start":{"line":15,"column":13},"end":{"line":15,"column":17}}],"line":15},"1":{"loc":{"start":{"line":15,"column":17},"end":{"line":7,"column":null}},"type":"if","locations":[{"start":{"line":15,"column":17},"end":{"line":7,"column":null}},{"start":{},"end":{}}],"line":15},"2":{"loc":{"start":{"line":15,"column":13},"end":{"line":11,"column":null}},"type":"binary-expr","locations":[{"start":{"line":15,"column":13},"end":{"line":15,"column":17}},{"start":{"line":15,"column":13},"end":{"line":15,"column":17}},{"start":{"line":15,"column":13},"end":{"line":11,"column":null}}],"line":15},"3":{"loc":{"start":{"line":15,"column":13},"end":{"line":15,"column":null}},"type":"binary-expr","locations":[{"start":{"line":15,"column":13},"end":{"line":15,"column":17}},{"start":{"line":15,"column":13},"end":{"line":15,"column":17}},{"start":{"line":15,"column":13},"end":{"line":15,"column":null}}],"line":15}},"s":{"0":3,"1":5,"2":3,"3":0,"4":3,"5":10,"6":3},"f":{"0":0,"1":3},"b":{"0":[5,5],"1":[5,5],"2":[3,3,3],"3":[3,3,3]},"meta":{"lastBranch":4,"lastFunction":2,"lastStatement":7,"seen":{"s:15:6:11:40":0,"s:16:23:16:Infinity":1,"s:15:13:11:40":2,"f:18:12:18:22":0,"s:19:4:19:Infinity":3,"s:15:13:15:Infinity":4,"b:15:13:15:17:15:13:15:17":0,"f:15:17:15:Infinity":1,"b:15:17:7:Infinity:undefined:undefined:undefined:undefined":1,"s:15:17:7:Infinity":5,"s:15:13:11:Infinity":6,"b:15:13:15:17:15:13:15:17:15:13:11:Infinity":2,"b:15:13:15:17:15:13:15:17:15:13:15:Infinity":3},"fnNames":{}}},"/Users/johnhageman/code/angular/ponyracer/src/app/race/race.html":{"path":"/Users/johnhageman/code/angular/ponyracer/src/app/race/race.html","statementMap":{"0":{"start":{"line":5,"column":4},"end":{"line":5,"column":17}},"1":{"start":{"line":5,"column":17},"end":{"line":5,"column":52}},"2":{"start":{"line":5,"column":17},"end":{"line":5,"column":33}},"3":{"start":{"line":5,"column":71},"end":{"line":5,"column":null}},"4":{"start":{"line":5,"column":52},"end":{"line":5,"column":71}},"5":{"start":{"line":1,"column":0},"end":{"line":1,"column":4}},"6":{"start":{"line":1,"column":4},"end":{"line":1,"column":24}},"7":{"start":{"line":1,"column":24},"end":{"line":1,"column":null}},"8":{"start":{"line":2,"column":0},"end":{"line":2,"column":3}},"9":{"start":{"line":2,"column":3},"end":{"line":2,"column":43}},"10":{"start":{"line":2,"column":43},"end":{"line":2,"column":null}},"11":{"start":{"line":3,"column":0},"end":{"line":3,"column":null}},"12":{"start":{"line":4,"column":2},"end":{"line":4,"column":13}},"13":{"start":{"line":7,"column":0},"end":{"line":7,"column":null}},"14":{"start":{"line":4,"column":2},"end":{"line":4,"column":null}}},"fnMap":{"0":{"name":"Race_For_7_Template_pr_pony_ponySelected_1_listener","decl":{"start":{"line":5,"column":17},"end":{"line":5,"column":33}},"loc":{"start":{"line":5,"column":17},"end":{"line":5,"column":52}},"line":5}},"branchMap":{},"s":{"0":25,"1":0,"2":0,"3":25,"4":25,"5":5,"6":5,"7":5,"8":5,"9":5,"10":5,"11":5,"12":5,"13":5,"14":5},"f":{"0":0},"b":{},"meta":{"lastBranch":0,"lastFunction":1,"lastStatement":15,"seen":{"s:5:4:5:17":0,"s:5:17:5:52":1,"f:5:17:5:33":0,"s:5:17:5:33":2,"s:5:71:5:Infinity":3,"s:5:52:5:71":4,"s:1:0:1:4":5,"s:1:4:1:24":6,"s:1:24:1:Infinity":7,"s:2:0:2:3":8,"s:2:3:2:43":9,"s:2:43:2:Infinity":10,"s:3:0:3:Infinity":11,"s:4:2:4:13":12,"s:7:0:7:Infinity":13,"s:4:2:4:Infinity":14},"fnNames":{}}},"/Users/johnhageman/code/angular/ponyracer/src/app/pony/pony.ts":{"path":"/Users/johnhageman/code/angular/ponyracer/src/app/pony/pony.ts","statementMap":{"0":{"start":{"line":10,"column":6},"end":{"line":4,"column":33}},"1":{"start":{"line":11,"column":23},"end":{"line":11,"column":null}},"2":{"start":{"line":12,"column":26},"end":{"line":12,"column":null}},"3":{"start":{"line":13,"column":21},"end":{"line":13,"column":null}},"4":{"start":{"line":14,"column":25},"end":{"line":14,"column":null}},"5":{"start":{"line":16,"column":26},"end":{"line":16,"column":null}},"6":{"start":{"line":10,"column":13},"end":{"line":4,"column":33}},"7":{"start":{"line":12,"column":41},"end":{"line":12,"column":null}},"8":{"start":{"line":13,"column":36},"end":{"line":13,"column":null}},"9":{"start":{"line":14,"column":40},"end":{"line":14,"column":null}},"10":{"start":{"line":19,"column":4},"end":{"line":19,"column":null}},"11":{"start":{"line":10,"column":13},"end":{"line":10,"column":null}},"12":{"start":{"line":10,"column":17},"end":{"line":4,"column":null}},"13":{"start":{"line":10,"column":13},"end":{"line":6,"column":null}}},"fnMap":{"0":{"name":"(anonymous_0)","decl":{"start":{"line":12,"column":35},"end":{"line":12,"column":41}},"loc":{"start":{"line":12,"column":41},"end":{"line":12,"column":null}},"line":12},"1":{"name":"(anonymous_1)","decl":{"start":{"line":13,"column":30},"end":{"line":13,"column":36}},"loc":{"start":{"line":13,"column":36},"end":{"line":13,"column":null}},"line":13},"2":{"name":"(anonymous_2)","decl":{"start":{"line":14,"column":34},"end":{"line":14,"column":40}},"loc":{"start":{"line":14,"column":40},"end":{"line":14,"column":null}},"line":14},"3":{"name":"ponyClicked","decl":{"start":{"line":18,"column":2},"end":{"line":18,"column":13}},"loc":{"start":{"line":18,"column":13},"end":{"line":20,"column":null}},"line":18},"4":{"name":"template","decl":{"start":{"line":10,"column":17},"end":{"line":10,"column":null}},"loc":{"start":{"line":10,"column":17},"end":{"line":4,"column":33}},"line":10}},"branchMap":{"0":{"loc":{"start":{"line":10,"column":13},"end":{"line":10,"column":17}},"type":"binary-expr","locations":[{"start":{"line":10,"column":13},"end":{"line":10,"column":17}},{"start":{"line":10,"column":13},"end":{"line":10,"column":17}}],"line":10},"1":{"loc":{"start":{"line":10,"column":17},"end":{"line":4,"column":null}},"type":"if","locations":[{"start":{"line":10,"column":17},"end":{"line":4,"column":null}},{"start":{},"end":{}}],"line":10},"2":{"loc":{"start":{"line":10,"column":13},"end":{"line":6,"column":null}},"type":"binary-expr","locations":[{"start":{"line":10,"column":13},"end":{"line":10,"column":17}},{"start":{"line":10,"column":13},"end":{"line":10,"column":17}},{"start":{"line":10,"column":13},"end":{"line":6,"column":null}}],"line":10},"3":{"loc":{"start":{"line":10,"column":13},"end":{"line":10,"column":null}},"type":"binary-expr","locations":[{"start":{"line":10,"column":13},"end":{"line":10,"column":17}},{"start":{"line":10,"column":13},"end":{"line":10,"column":17}},{"start":{"line":10,"column":13},"end":{"line":10,"column":null}}],"line":10}},"s":{"0":4,"1":27,"2":27,"3":27,"4":27,"5":27,"6":4,"7":27,"8":27,"9":27,"10":1,"11":4,"12":55,"13":4},"f":{"0":27,"1":27,"2":27,"3":1,"4":4},"b":{"0":[27,27],"1":[27,28],"2":[4,4,4],"3":[4,4,4]},"meta":{"lastBranch":4,"lastFunction":5,"lastStatement":14,"seen":{"s:10:6:4:33":0,"s:11:23:11:Infinity":1,"s:12:26:12:Infinity":2,"s:13:21:13:Infinity":3,"s:14:25:14:Infinity":4,"s:16:26:16:Infinity":5,"s:10:13:4:33":6,"f:12:35:12:41":0,"s:12:41:12:Infinity":7,"f:13:30:13:36":1,"s:13:36:13:Infinity":8,"f:14:34:14:40":2,"s:14:40:14:Infinity":9,"f:18:2:18:13":3,"s:19:4:19:Infinity":10,"s:10:13:10:Infinity":11,"b:10:13:10:17:10:13:10:17":0,"f:10:17:10:Infinity":4,"b:10:17:4:Infinity:undefined:undefined:undefined:undefined":1,"s:10:17:4:Infinity":12,"s:10:13:6:Infinity":13,"b:10:13:10:17:10:13:10:17:10:13:6:Infinity":2,"b:10:13:10:17:10:13:10:17:10:13:10:Infinity":3},"fnNames":{}}},"/Users/johnhageman/code/angular/ponyracer/src/app/pony/pony.html":{"path":"/Users/johnhageman/code/angular/ponyracer/src/app/pony/pony.html","statementMap":{"0":{"start":{"line":1,"column":0},"end":{"line":1,"column":8}},"1":{"start":{"line":1,"column":8},"end":{"line":1,"column":null}},"2":{"start":{"line":1,"column":8},"end":{"line":1,"column":30}},"3":{"start":{"line":1,"column":31},"end":{"line":1,"column":62}},"4":{"start":{"line":3,"column":2},"end":{"line":3,"column":7}},"5":{"start":{"line":4,"column":2},"end":{"line":4,"column":14}},"6":{"start":{"line":4,"column":14},"end":{"line":4,"column":33}},"7":{"start":{"line":4,"column":33},"end":{"line":4,"column":null}},"8":{"start":{"line":3,"column":7},"end":{"line":3,"column":29}},"9":{"start":{"line":3,"column":7},"end":{"line":3,"column":null}}},"fnMap":{"0":{"name":"Pony_Template_figure_click_0_listener","decl":{"start":{"line":1,"column":8},"end":{"line":1,"column":17}},"loc":{"start":{"line":1,"column":8},"end":{"line":1,"column":31}},"line":1},"1":{"name":"Pony_Template_figure_keydown_enter_0_listener","decl":{"start":{"line":1,"column":31},"end":{"line":1,"column":49}},"loc":{"start":{"line":1,"column":31},"end":{"line":1,"column":null}},"line":1}},"branchMap":{},"s":{"0":27,"1":27,"2":1,"3":0,"4":27,"5":27,"6":28,"7":27,"8":28,"9":28},"f":{"0":1,"1":0},"b":{},"meta":{"lastBranch":0,"lastFunction":2,"lastStatement":10,"seen":{"s:1:0:1:8":0,"s:1:8:1:Infinity":1,"f:1:8:1:17":0,"s:1:8:1:30":2,"f:1:31:1:49":1,"s:1:31:1:62":3,"s:3:2:3:7":4,"s:4:2:4:14":5,"s:4:14:4:33":6,"s:4:33:4:Infinity":7,"s:3:7:3:29":8,"s:3:7:3:Infinity":9},"fnNames":{}}},"/Users/johnhageman/code/angular/ponyracer/src/app/from-now-pipe.ts":{"path":"/Users/johnhageman/code/angular/ponyracer/src/app/from-now-pipe.ts","statementMap":{"0":{"start":{"line":7,"column":6},"end":{"line":7,"column":null}},"1":{"start":{"line":7,"column":13},"end":{"line":7,"column":null}},"2":{"start":{"line":9,"column":17},"end":{"line":9,"column":null}},"3":{"start":{"line":10,"column":4},"end":{"line":10,"column":null}},"4":{"start":{"line":7,"column":13},"end":{"line":6,"column":null}}},"fnMap":{"0":{"name":"transform","decl":{"start":{"line":8,"column":2},"end":{"line":8,"column":12}},"loc":{"start":{"line":8,"column":51},"end":{"line":11,"column":null}},"line":8}},"branchMap":{"0":{"loc":{"start":{"line":7,"column":13},"end":{"line":7,"column":24}},"type":"binary-expr","locations":[{"start":{"line":7,"column":13},"end":{"line":7,"column":24}},{"start":{"line":7,"column":13},"end":{"line":7,"column":24}}],"line":7},"1":{"loc":{"start":{"line":7,"column":13},"end":{"line":6,"column":null}},"type":"binary-expr","locations":[{"start":{"line":7,"column":13},"end":{"line":7,"column":24}},{"start":{"line":7,"column":13},"end":{"line":7,"column":24}},{"start":{"line":7,"column":13},"end":{"line":6,"column":null}}],"line":7}},"s":{"0":4,"1":5,"2":6,"3":6,"4":4},"f":{"0":6},"b":{"0":[5,5],"1":[4,4,4]},"meta":{"lastBranch":2,"lastFunction":1,"lastStatement":5,"seen":{"s:7:6:7:Infinity":0,"s:7:13:7:Infinity":1,"f:8:2:8:12":0,"s:9:17:9:Infinity":2,"s:10:4:10:Infinity":3,"b:7:13:7:24:7:13:7:24":0,"s:7:13:6:Infinity":4,"b:7:13:7:24:7:13:7:24:7:13:6:Infinity":1},"fnNames":{}}},"/Users/johnhageman/code/angular/ponyracer/src/app/races/races.ts":{"path":"/Users/johnhageman/code/angular/ponyracer/src/app/races/races.ts","statementMap":{"0":{"start":{"line":10,"column":6},"end":{"line":6,"column":17}},"1":{"start":{"line":11,"column":29},"end":{"line":34,"column":null}},"2":{"start":{"line":10,"column":13},"end":{"line":6,"column":17}},"3":{"start":{"line":10,"column":13},"end":{"line":10,"column":null}},"4":{"start":{"line":10,"column":18},"end":{"line":1,"column":7}},"5":{"start":{"line":10,"column":13},"end":{"line":6,"column":null}}},"fnMap":{"0":{"name":"template","decl":{"start":{"line":10,"column":18},"end":{"line":10,"column":null}},"loc":{"start":{"line":10,"column":18},"end":{"line":6,"column":16}},"line":10}},"branchMap":{"0":{"loc":{"start":{"line":10,"column":13},"end":{"line":10,"column":18}},"type":"binary-expr","locations":[{"start":{"line":10,"column":13},"end":{"line":10,"column":18}},{"start":{"line":10,"column":13},"end":{"line":10,"column":18}}],"line":10},"1":{"loc":{"start":{"line":10,"column":18},"end":{"line":1,"column":7}},"type":"if","locations":[{"start":{"line":10,"column":18},"end":{"line":1,"column":7}},{"start":{},"end":{}}],"line":10},"2":{"loc":{"start":{"line":10,"column":13},"end":{"line":6,"column":null}},"type":"binary-expr","locations":[{"start":{"line":10,"column":13},"end":{"line":10,"column":18}},{"start":{"line":10,"column":13},"end":{"line":10,"column":18}},{"start":{"line":10,"column":13},"end":{"line":6,"column":null}}],"line":10},"3":{"loc":{"start":{"line":10,"column":13},"end":{"line":10,"column":null}},"type":"binary-expr","locations":[{"start":{"line":10,"column":13},"end":{"line":10,"column":18}},{"start":{"line":10,"column":13},"end":{"line":10,"column":18}},{"start":{"line":10,"column":13},"end":{"line":10,"column":null}}],"line":10}},"s":{"0":2,"1":4,"2":2,"3":2,"4":6,"5":2},"f":{"0":2},"b":{"0":[4,4],"1":[4,2],"2":[2,2,2],"3":[2,2,2]},"meta":{"lastBranch":4,"lastFunction":1,"lastStatement":6,"seen":{"s:10:6:6:17":0,"s:11:29:34:Infinity":1,"s:10:13:6:17":2,"s:10:13:10:Infinity":3,"b:10:13:10:18:10:13:10:18":0,"f:10:18:10:Infinity":0,"b:10:18:1:7:undefined:undefined:undefined:undefined":1,"s:10:18:1:7":4,"s:10:13:6:Infinity":5,"b:10:13:10:18:10:13:10:18:10:13:6:Infinity":2,"b:10:13:10:18:10:13:10:18:10:13:10:Infinity":3},"fnNames":{}}},"/Users/johnhageman/code/angular/ponyracer/src/app/races/races.html":{"path":"/Users/johnhageman/code/angular/ponyracer/src/app/races/races.html","statementMap":{"0":{"start":{"line":2,"column":2},"end":{"line":2,"column":7}},"1":{"start":{"line":2,"column":7},"end":{"line":2,"column":16}},"2":{"start":{"line":2,"column":45},"end":{"line":2,"column":null}},"3":{"start":{"line":2,"column":16},"end":{"line":2,"column":45}},"4":{"start":{"line":1,"column":0},"end":{"line":1,"column":7}},"5":{"start":{"line":1,"column":0},"end":{"line":1,"column":null}}},"fnMap":{},"branchMap":{},"s":{"0":4,"1":4,"2":4,"3":4,"4":4,"5":2},"f":{},"b":{},"meta":{"lastBranch":0,"lastFunction":0,"lastStatement":6,"seen":{"s:2:2:2:7":0,"s:2:7:2:16":1,"s:2:45:2:Infinity":2,"s:2:16:2:45":3,"s:1:0:1:7":4,"s:1:0:1:Infinity":5},"fnNames":{}}},"/Users/johnhageman/code/angular/ponyracer/src/app/app.ts":{"path":"/Users/johnhageman/code/angular/ponyracer/src/app/app.ts","statementMap":{"0":{"start":{"line":11,"column":6},"end":{"line":7,"column":24}},"1":{"start":{"line":12,"column":29},"end":{"line":12,"column":null}},"2":{"start":{"line":11,"column":13},"end":{"line":7,"column":24}},"3":{"start":{"line":11,"column":13},"end":{"line":11,"column":null}},"4":{"start":{"line":11,"column":16},"end":{"line":208,"column":null}},"5":{"start":{"line":11,"column":13},"end":{"line":7,"column":null}}},"fnMap":{"0":{"name":"template","decl":{"start":{"line":11,"column":16},"end":{"line":11,"column":null}},"loc":{"start":{"line":11,"column":16},"end":{"line":7,"column":18}},"line":11}},"branchMap":{"0":{"loc":{"start":{"line":11,"column":13},"end":{"line":11,"column":16}},"type":"binary-expr","locations":[{"start":{"line":11,"column":13},"end":{"line":11,"column":16}},{"start":{"line":11,"column":13},"end":{"line":11,"column":16}}],"line":11},"1":{"loc":{"start":{"line":11,"column":16},"end":{"line":208,"column":null}},"type":"if","locations":[{"start":{"line":11,"column":16},"end":{"line":208,"column":null}},{"start":{},"end":{}}],"line":11},"2":{"loc":{"start":{"line":11,"column":13},"end":{"line":7,"column":null}},"type":"binary-expr","locations":[{"start":{"line":11,"column":13},"end":{"line":11,"column":16}},{"start":{"line":11,"column":13},"end":{"line":11,"column":16}},{"start":{"line":11,"column":13},"end":{"line":7,"column":null}}],"line":11},"3":{"loc":{"start":{"line":11,"column":13},"end":{"line":11,"column":null}},"type":"binary-expr","locations":[{"start":{"line":11,"column":13},"end":{"line":11,"column":16}},{"start":{"line":11,"column":13},"end":{"line":11,"column":16}},{"start":{"line":11,"column":13},"end":{"line":11,"column":null}}],"line":11}},"s":{"0":1,"1":3,"2":1,"3":1,"4":4,"5":1},"f":{"0":1},"b":{"0":[3,3],"1":[3,1],"2":[1,1,1],"3":[1,1,1]},"meta":{"lastBranch":4,"lastFunction":1,"lastStatement":6,"seen":{"s:11:6:7:24":0,"s:12:29:12:Infinity":1,"s:11:13:7:24":2,"s:11:13:11:Infinity":3,"b:11:13:11:16:11:13:11:16":0,"f:11:16:11:Infinity":0,"b:11:16:208:Infinity:undefined:undefined:undefined:undefined":1,"s:11:16:208:Infinity":4,"s:11:13:7:Infinity":5,"b:11:13:11:16:11:13:11:16:11:13:7:Infinity":2,"b:11:13:11:16:11:13:11:16:11:13:11:Infinity":3},"fnNames":{}}},"/Users/johnhageman/code/angular/ponyracer/src/app/app.html":{"path":"/Users/johnhageman/code/angular/ponyracer/src/app/app.html","statementMap":{"0":{"start":{"line":204,"column":0},"end":{"line":204,"column":null}},"1":{"start":{"line":205,"column":0},"end":{"line":205,"column":null}},"2":{"start":{"line":206,"column":6},"end":{"line":206,"column":15}},"3":{"start":{"line":206,"column":15},"end":{"line":206,"column":null}},"4":{"start":{"line":207,"column":2},"end":{"line":207,"column":null}},"5":{"start":{"line":208,"column":0},"end":{"line":208,"column":null}}},"fnMap":{},"branchMap":{},"s":{"0":3,"1":3,"2":3,"3":3,"4":3,"5":3},"f":{},"b":{},"meta":{"lastBranch":0,"lastFunction":0,"lastStatement":6,"seen":{"s:204:0:204:Infinity":0,"s:205:0:205:Infinity":1,"s:206:6:206:15":2,"s:206:15:206:Infinity":3,"s:207:2:207:Infinity":4,"s:208:0:208:Infinity":5},"fnNames":{}}}}}